<?xml version="1.0" encoding="UTF-8"?>
<!-- Generated by org.testng.reporters.JUnitReportReporter -->
<testsuite hostname="BINALI-106" failures="0" tests="2" name="TestNGAnnotations.AnnotationsBeforeClass" time="0.012" errors="0" timestamp="2023-05-26T16:47:34 IST" skipped="0">
  <testcase classname="TestNGAnnotations.AnnotationsBeforeClass" name="search" time="0.009"/>
  <system-out/>
  <testcase classname="TestNGAnnotations.AnnotationsBeforeClass" name="advnacedSearch" time="0.003"/>
  <system-out/>
</testsuite> <!-- TestNGAnnotations.AnnotationsBeforeClass -->
