<?xml version="1.0" encoding="UTF-8"?>
<!-- Generated by org.testng.reporters.JUnitReportReporter -->
<testsuite hostname="BINALI-106" failures="0" tests="5" name="TestNGAnnotations.InvocationCountDemo" time="0.040" errors="0" timestamp="2023-05-31T16:23:49 IST" skipped="0">
  <testcase classname="TestNGAnnotations.InvocationCountDemo" name="test1" time="0.003"/>
  <system-out/>
  <testcase classname="TestNGAnnotations.InvocationCountDemo" name="test1" time="0.004"/>
  <system-out/>
  <testcase classname="TestNGAnnotations.InvocationCountDemo" name="test1" time="0.026"/>
  <system-out/>
  <testcase classname="TestNGAnnotations.InvocationCountDemo" name="test1" time="0.004"/>
  <system-out/>
  <testcase classname="TestNGAnnotations.InvocationCountDemo" name="test1" time="0.003"/>
  <system-out/>
</testsuite> <!-- TestNGAnnotations.InvocationCountDemo -->
