<?xml version="1.0" encoding="UTF-8"?>
<!-- Generated by org.testng.reporters.JUnitReportReporter -->
<testsuite hostname="BINALI-106" failures="0" tests="3" name="Assertions.Grouping" time="0.029" errors="0" timestamp="2023-05-30T17:07:15 IST" skipped="0">
  <testcase classname="Assertions.Grouping" name="login_Facebook" time="0.020"/>
  <system-out/>
  <testcase classname="Assertions.Grouping" name="login_Twitter" time="0.004"/>
  <system-out/>
  <testcase classname="Assertions.Grouping" name="payment_in_dollar" time="0.005"/>
  <system-out/>
</testsuite> <!-- Assertions.Grouping -->
