<?xml version="1.0" encoding="UTF-8"?>
<!-- Generated by org.testng.reporters.JUnitReportReporter -->
<testsuite hostname="BINALI-106" failures="0" tests="2" name="POMDemo.LoginTest" time="6.487" errors="0" timestamp="2023-06-03T17:31:05 IST" skipped="0">
  <testcase classname="POMDemo.LoginTest" name="checkLogo" time="3.086"/>
  <system-out/>
  <testcase classname="POMDemo.LoginTest" name="test_Login" time="3.401"/>
  <system-out/>
</testsuite> <!-- POMDemo.LoginTest -->
