<?xml version="1.0" encoding="UTF-8"?>
<!-- Generated by org.testng.reporters.JUnitReportReporter -->
<testsuite hostname="BINALI-106" failures="0" tests="2" name="AnnotationsBeforAndAfterTest.Class2" time="0.007" errors="0" timestamp="2023-05-26T17:26:35 IST" skipped="0">
  <testcase classname="AnnotationsBeforAndAfterTest.Class2" name="xyz" time="0.005"/>
  <system-out/>
  <testcase classname="AnnotationsBeforAndAfterTest.Class2" name="xyz" time="0.002"/>
  <system-out/>
</testsuite> <!-- AnnotationsBeforAndAfterTest.Class2 -->
