<?xml version="1.0" encoding="UTF-8"?>
<!-- Generated by org.testng.reporters.JUnitReportReporter -->
<testsuite hostname="BINALI-106" failures="0" tests="3" name="TestNG.FirstTest" time="14.661" errors="0" timestamp="2023-05-23T17:18:59 IST" skipped="0">
  <testcase classname="TestNG.FirstTest" name="openApp" time="12.514"/>
  <system-out/>
  <testcase classname="TestNG.FirstTest" name="login" time="1.685"/>
  <system-out/>
  <testcase classname="TestNG.FirstTest" name="closeApp" time="0.462"/>
  <system-out/>
</testsuite> <!-- TestNG.FirstTest -->
