<?xml version="1.0" encoding="UTF-8"?>
<!-- Generated by org.testng.reporters.JUnitReportReporter -->
<testsuite hostname="BINALI-106" failures="0" tests="2" name="PageFactory.Login2_Test" time="6.465" errors="0" timestamp="2023-06-03T18:23:47 IST" skipped="0">
  <testcase classname="PageFactory.Login2_Test" name="checkLogo" time="3.139"/>
  <system-out/>
  <testcase classname="PageFactory.Login2_Test" name="test_Login" time="3.326"/>
  <system-out/>
</testsuite> <!-- PageFactory.Login2_Test -->
