<?xml version="1.0" encoding="UTF-8"?>
<!-- Generated by org.testng.reporters.JUnitReportReporter -->
<testsuite hostname="BINALI-106" failures="0" tests="2" name="Assertions.HardAssert" time="0.029" errors="0" timestamp="2023-05-30T16:35:27 IST" skipped="0">
  <testcase classname="Assertions.HardAssert" name="test_softassertions" time="0.008"/>
  <system-out/>
  <testcase classname="Assertions.HardAssert" name="test_hardassertions" time="0.021"/>
  <system-out/>
</testsuite> <!-- Assertions.HardAssert -->
