<?xml version="1.0" encoding="UTF-8"?>
<!-- Generated by org.testng.reporters.JUnitReportReporter -->
<testsuite hostname="BINALI-106" failures="0" tests="2" name="TestNGAnnotations.AllAnnotations" time="0.018" errors="0" timestamp="2023-05-26T17:41:18 IST" skipped="0">
  <testcase classname="TestNGAnnotations.AllAnnotations" name="test1" time="0.009"/>
  <system-out/>
  <testcase classname="TestNGAnnotations.AllAnnotations" name="test2" time="0.009"/>
  <system-out/>
</testsuite> <!-- TestNGAnnotations.AllAnnotations -->
